<?xml version="1.0" encoding="UTF-8"?>
<testng-results ignored="0" total="2" passed="2" failed="0" skipped="0">
  <reporter-output>
  </reporter-output>
  <suite started-at="2025-01-08T22:30:44 EST" name="Default suite" finished-at="2025-01-08T22:30:59 EST" duration-ms="15087">
    <groups>
    </groups>
    <test started-at="2025-01-08T22:30:44 EST" name="Default test" finished-at="2025-01-08T22:30:59 EST" duration-ms="15087">
      <class name="tests.LoginTest">
        <test-method is-config="true" signature="serverStart()[pri:0, instance:tests.LoginTest@63648ee9]" started-at="2025-01-08T22:30:44 EST" name="serverStart" finished-at="2025-01-08T22:30:44 EST" duration-ms="85" status="PASS">
          <reporter-output>
          </reporter-output>
        </test-method> <!-- serverStart -->
        <test-method is-config="true" signature="launchApp()[pri:0, instance:tests.LoginTest@63648ee9]" started-at="2025-01-08T22:30:44 EST" name="launchApp" finished-at="2025-01-08T22:30:50 EST" duration-ms="5825" status="PASS">
          <reporter-output>
          </reporter-output>
        </test-method> <!-- launchApp -->
        <test-method is-config="true" signature="setup()[pri:0, instance:tests.LoginTest@63648ee9]" started-at="2025-01-08T22:30:50 EST" name="setup" finished-at="2025-01-08T22:30:52 EST" duration-ms="2158" status="PASS">
          <reporter-output>
          </reporter-output>
        </test-method> <!-- setup -->
        <test-method signature="invalidLogin_emptyUserNameTest()[pri:1, instance:tests.LoginTest@63648ee9]" started-at="2025-01-08T22:30:52 EST" name="invalidLogin_emptyUserNameTest" finished-at="2025-01-08T22:30:56 EST" duration-ms="4535" status="PASS">
          <reporter-output>
          </reporter-output>
        </test-method> <!-- invalidLogin_emptyUserNameTest -->
        <test-method is-config="true" signature="closeApp(org.testng.ITestResult)[pri:0, instance:tests.LoginTest@63648ee9]" started-at="2025-01-08T22:30:56 EST" name="closeApp" finished-at="2025-01-08T22:30:56 EST" duration-ms="1" status="PASS">
          <params>
            <param index="0">
              <value>
                <![CDATA[[TestResult name=invalidLogin_emptyUserNameTest status=SUCCESS method=LoginTest.invalidLogin_emptyUserNameTest()[pri:1, instance:tests.LoginTest@63648ee9] output={null}]]]>
              </value>
            </param>
          </params>
          <reporter-output>
          </reporter-output>
        </test-method> <!-- closeApp -->
        <test-method signature="validLoginTest()[pri:4, instance:tests.LoginTest@63648ee9]" started-at="2025-01-08T22:30:56 EST" name="validLoginTest" finished-at="2025-01-08T22:30:59 EST" duration-ms="2540" status="PASS">
          <reporter-output>
          </reporter-output>
        </test-method> <!-- validLoginTest -->
        <test-method is-config="true" signature="closeApp(org.testng.ITestResult)[pri:0, instance:tests.LoginTest@63648ee9]" started-at="2025-01-08T22:30:59 EST" name="closeApp" finished-at="2025-01-08T22:30:59 EST" duration-ms="1" status="PASS">
          <params>
            <param index="0">
              <value>
                <![CDATA[[TestResult name=validLoginTest status=SUCCESS method=LoginTest.validLoginTest()[pri:4, instance:tests.LoginTest@63648ee9] output={null}]]]>
              </value>
            </param>
          </params>
          <reporter-output>
          </reporter-output>
        </test-method> <!-- closeApp -->
        <test-method is-config="true" signature="serverStop()[pri:0, instance:tests.LoginTest@63648ee9]" started-at="2025-01-08T22:30:59 EST" name="serverStop" finished-at="2025-01-08T22:30:59 EST" duration-ms="1" status="PASS">
          <reporter-output>
          </reporter-output>
        </test-method> <!-- serverStop -->
      </class> <!-- tests.LoginTest -->
    </test> <!-- Default test -->
  </suite> <!-- Default suite -->
</testng-results>
